##### NO-CACHE 400 #####
==16594== I   refs:      555,443,044                                    
==16594== I1  misses:          1,377                                    
==16594== LLi misses:          1,370
==16594== I1  miss rate:        0.00%                                   
==16594== LLi miss rate:        0.00%                                   
==16594==                                                               
==16594== D   refs:      211,597,653  (140,379,999 rd   + 71,217,654 wr)
==16594== D1  misses:     14,335,345  ( 14,274,614 rd   +     60,731 wr)
==16594== LLd misses:      8,103,867  (  8,043,171 rd   +     60,696 wr)
==16594== D1  miss rate:         6.8% (       10.2%     +        0.1%  )
==16594== LLd miss rate:         3.8% (        5.7%     +        0.1%  )
==16594==
==16594== LL refs:        14,336,722  ( 14,275,991 rd   +     60,731 wr)
==16594== LL misses:       8,105,237  (  8,044,541 rd   +     60,696 wr)
==16594== LL miss rate:          1.1% (        1.2%     +        0.1%  )
    

##### CACHE 10/400 #####
==16610== I   refs:      610,303,409
==16610== I1  misses:          1,380
==16610== LLi misses:          1,373
==16610== I1  miss rate:        0.00%
==16610== LLi miss rate:        0.00%
==16610==
==16610== D   refs:      217,839,584  (146,621,858 rd   + 71,217,726 wr)
==16610== D1  misses:      1,083,200  (  1,022,456 rd   +     60,744 wr)
==16610== LLd misses:        903,530  (    842,821 rd   +     60,709 wr)
==16610== D1  miss rate:         0.5% (        0.7%     +        0.1%  )
==16610== LLd miss rate:         0.4% (        0.6%     +        0.1%  )
==16610==
==16610== LL refs:         1,084,580  (  1,023,836 rd   +     60,744 wr)
==16610== LL misses:         904,903  (    844,194 rd   +     60,709 wr)
==16610== LL miss rate:          0.1% (        0.1%     +        0.1%  )

##### CACHE 20/400 #####
==17541== 
==17541== I   refs:      580,924,043
==17541== I1  misses:          1,379
==17541== LLi misses:          1,372
==17541== I1  miss rate:        0.00%
==17541== LLi miss rate:        0.00%
==17541== 
==17541== D   refs:      214,638,303  (143,420,579 rd   + 71,217,724 wr)
==17541== D1  misses:        898,970  (    838,226 rd   +     60,744 wr)
==17541== LLd misses:        503,487  (    442,778 rd   +     60,709 wr)
==17541== D1  miss rate:         0.4% (        0.6%     +        0.1%  )
==17541== LLd miss rate:         0.2% (        0.3%     +        0.1%  )
==17541== 
==17541== LL refs:           900,349  (    839,605 rd   +     60,744 wr)
==17541== LL misses:         504,859  (    444,150 rd   +     60,709 wr)
==17541== LL miss rate:          0.1% (        0.1%     +        0.1%  )



##### CACHE 40/400 #####
==17448== 
==17448== I   refs:      567,246,589
==17448== I1  misses:          1,380
==17448== LLi misses:          1,373
==17448== I1  miss rate:        0.00%
==17448== LLi miss rate:        0.00%
==17448== 
==17448== D   refs:      213,037,983  (141,820,258 rd   + 71,217,725 wr)
==17448== D1  misses:        590,812  (    530,068 rd   +     60,744 wr)
==17448== LLd misses:        303,487  (    242,778 rd   +     60,709 wr)
==17448== D1  miss rate:         0.3% (        0.4%     +        0.1%  )
==17448== LLd miss rate:         0.1% (        0.2%     +        0.1%  )
==17448== 
==17448== LL refs:           592,192  (    531,448 rd   +     60,744 wr)
==17448== LL misses:         304,860  (    244,151 rd   +     60,709 wr)
==17448== LL miss rate:          0.0% (        0.0%     +        0.1%  )

##### CACHE 50/400 #####
==17404== 
==17404== I   refs:      564,583,049
==17404== I1  misses:          1,380
==17404== LLi misses:          1,373
==17404== I1  miss rate:        0.00%
==17404== LLi miss rate:        0.00%
==17404== 
==17404== D   refs:      212,717,943  (141,500,218 rd   + 71,217,725 wr)
==17404== D1  misses:        652,884  (    592,140 rd   +     60,744 wr)
==17404== LLd misses:        263,487  (    202,778 rd   +     60,709 wr)
==17404== D1  miss rate:         0.3% (        0.4%     +        0.1%  )
==17404== LLd miss rate:         0.1% (        0.1%     +        0.1%  )
==17404== 
==17404== LL refs:           654,264  (    593,520 rd   +     60,744 wr)
==17404== LL misses:         264,860  (    204,151 rd   +     60,709 wr)
==17404== LL miss rate:          0.0% (        0.0%     +        0.1%  )


##### CACHE 80/400 #####
==17116== I   refs:      560,631,578
==17116== I1  misses:          1,379
==17116== LLi misses:          1,372
==17116== I1  miss rate:        0.00%
==17116== LLi miss rate:        0.00%
==17116== 
==17116== D   refs:      212,237,898  (141,020,174 rd   + 71,217,724 wr)
==17116== D1  misses:        894,002  (    833,258 rd   +     60,744 wr)
==17116== LLd misses:        203,473  (    142,764 rd   +     60,709 wr)
==17116== D1  miss rate:         0.4% (        0.6%     +        0.1%  )
==17116== LLd miss rate:         0.1% (        0.1%     +        0.1%  )
==17116== 
==17116== LL refs:           895,381  (    834,637 rd   +     60,744 wr)
==17116== LL misses:         204,845  (    144,136 rd   +     60,709 wr)
==17116== LL miss rate:          0.0% (        0.0%     +        0.1%  )

##### CACHE 100/400 #####
==17184== I   refs:      559,319,597
==17184== I1  misses:          1,379
==17184== LLi misses:          1,372
==17184== I1  miss rate:        0.00%
==17184== LLi miss rate:        0.00%
==17184== 
==17184== D   refs:      212,077,887  (140,860,163 rd   + 71,217,724 wr)
==17184== D1  misses:      6,291,217  (  6,230,473 rd   +     60,744 wr)
==17184== LLd misses:        183,436  (    122,727 rd   +     60,709 wr)
==17184== D1  miss rate:         3.0% (        4.4%     +        0.1%  )
==17184== LLd miss rate:         0.1% (        0.1%     +        0.1%  )
==17184== 
==17184== LL refs:         6,292,596  (  6,231,852 rd   +     60,744 wr)
==17184== LL misses:         184,808  (    124,099 rd   +     60,709 wr)
==17184== LL miss rate:          0.0% (        0.0%     +        0.1%  )

##### CACHE 200/400 #####
==17272== I   refs:      556,732,016
==17272== I1  misses:          1,380
==17272== LLi misses:          1,373
==17272== I1  miss rate:        0.00%
==17272== LLi miss rate:        0.00%
==17272== 
==17272== D   refs:      211,757,871  (140,540,146 rd   + 71,217,725 wr)
==17272== D1  misses:      8,465,909  (  8,405,165 rd   +     60,744 wr)
==17272== LLd misses:        186,181  (    125,472 rd   +     60,709 wr)
==17272== D1  miss rate:         4.0% (        6.0%     +        0.1%  )
==17272== LLd miss rate:         0.1% (        0.1%     +        0.1%  )
==17272== 
==17272== LL refs:         8,467,289  (  8,406,545 rd   +     60,744 wr)
==17272== LL misses:         187,554  (    126,845 rd   +     60,709 wr)
==17272== LL miss rate:          0.0% (        0.0%     +        0.1%  )

##### CACHE 400/400 #####
==17309== 
==17309== I   refs:      555,443,509
==17309== I1  misses:          1,376
==17309== LLi misses:          1,369
==17309== I1  miss rate:        0.00%
==17309== LLi miss rate:        0.00%
==17309== 
==17309== D   refs:      211,597,852  (140,380,135 rd   + 71,217,717 wr)
==17309== D1  misses:     14,335,364  ( 14,274,620 rd   +     60,744 wr)
==17309== LLd misses:      8,103,887  (  8,043,178 rd   +     60,709 wr)
==17309== D1  miss rate:         6.8% (       10.2%     +        0.1%  )
==17309== LLd miss rate:         3.8% (        5.7%     +        0.1%  )
==17309== 
==17309== LL refs:        14,336,740  ( 14,275,996 rd   +     60,744 wr)
==17309== LL misses:       8,105,256  (  8,044,547 rd   +     60,709 wr)
==17309== LL miss rate:          1.1% (        1.2%     +        0.1%  )

##### CACHE 300/600 #####
==17357== 
==17357== I   refs:      1,828,338,618
==17357== I1  misses:            1,409
==17357== LLi misses:            1,402
==17357== I1  miss rate:          0.00%
==17357== LLi miss rate:          0.00%
==17357== 
==17357== D   refs:        692,358,300  (460,140,430 rd   + 232,217,870 wr)
==17357== D1  misses:       28,512,839  ( 28,370,933 rd   +     141,906 wr)
==17357== LLd misses:          414,096  (    278,385 rd   +     135,711 wr)
==17357== D1  miss rate:           4.1% (        6.2%     +         0.1%  )
==17357== LLd miss rate:           0.1% (        0.1%     +         0.1%  )
==17357== 
==17357== LL refs:          28,514,248  ( 28,372,342 rd   +     141,906 wr)
==17357== LL misses:           415,498  (    279,787 rd   +     135,711 wr)
==17357== LL miss rate:            0.0% (        0.0%     +         0.1%  )